<?xml version="1.0" encoding="UTF-8"?>
<testsuite name="edu.lits.testapi.TestapiApplicationTests" tests="1" skipped="0" failures="0" errors="0" timestamp="2020-09-10T17:14:00" hostname="DESKTOP-00G9EVP" time="0.173">
  <properties/>
  <testcase name="contextLoads()" classname="edu.lits.testapi.TestapiApplicationTests" time="0.173"/>
  <system-out><![CDATA[20:13:49.375 [Test worker] DEBUG org.springframework.test.context.BootstrapUtils - Instantiating CacheAwareContextLoaderDelegate from class [org.springframework.test.context.cache.DefaultCacheAwareContextLoaderDelegate]
20:13:49.394 [Test worker] DEBUG org.springframework.test.context.BootstrapUtils - Instantiating BootstrapContext using constructor [public org.springframework.test.context.support.DefaultBootstrapContext(java.lang.Class,org.springframework.test.context.CacheAwareContextLoaderDelegate)]
20:13:49.435 [Test worker] DEBUG org.springframework.test.context.BootstrapUtils - Instantiating TestContextBootstrapper for test class [edu.lits.testapi.TestapiApplicationTests] from class [org.springframework.boot.test.context.SpringBootTestContextBootstrapper]
20:13:49.457 [Test worker] INFO org.springframework.boot.test.context.SpringBootTestContextBootstrapper - Neither @ContextConfiguration nor @ContextHierarchy found for test class [edu.lits.testapi.TestapiApplicationTests], using SpringBootContextLoader
20:13:49.462 [Test worker] DEBUG org.springframework.test.context.support.AbstractContextLoader - Did not detect default resource location for test class [edu.lits.testapi.TestapiApplicationTests]: class path resource [edu/lits/testapi/TestapiApplicationTests-context.xml] does not exist
20:13:49.463 [Test worker] DEBUG org.springframework.test.context.support.AbstractContextLoader - Did not detect default resource location for test class [edu.lits.testapi.TestapiApplicationTests]: class path resource [edu/lits/testapi/TestapiApplicationTestsContext.groovy] does not exist
20:13:49.464 [Test worker] INFO org.springframework.test.context.support.AbstractContextLoader - Could not detect default resource locations for test class [edu.lits.testapi.TestapiApplicationTests]: no resource found for suffixes {-context.xml, Context.groovy}.
20:13:49.465 [Test worker] INFO org.springframework.test.context.support.AnnotationConfigContextLoaderUtils - Could not detect default configuration classes for test class [edu.lits.testapi.TestapiApplicationTests]: TestapiApplicationTests does not declare any static, non-private, non-final, nested classes annotated with @Configuration.
20:13:49.524 [Test worker] DEBUG org.springframework.test.context.support.ActiveProfilesUtils - Could not find an 'annotation declaring class' for annotation type [org.springframework.test.context.ActiveProfiles] and class [edu.lits.testapi.TestapiApplicationTests]
20:13:49.687 [Test worker] DEBUG org.springframework.context.annotation.ClassPathScanningCandidateComponentProvider - Identified candidate component class: file [C:\MyProgramms\JAVA\i-can\build\classes\java\main\edu\lits\testapi\TestapiApplication.class]
20:13:49.689 [Test worker] INFO org.springframework.boot.test.context.SpringBootTestContextBootstrapper - Found @SpringBootConfiguration edu.lits.testapi.TestapiApplication for test class edu.lits.testapi.TestapiApplicationTests
20:13:49.920 [Test worker] DEBUG org.springframework.boot.test.context.SpringBootTestContextBootstrapper - @TestExecutionListeners is not present for class [edu.lits.testapi.TestapiApplicationTests]: using defaults.
20:13:49.922 [Test worker] INFO org.springframework.boot.test.context.SpringBootTestContextBootstrapper - Loaded default TestExecutionListener class names from location [META-INF/spring.factories]: [org.springframework.boot.test.autoconfigure.restdocs.RestDocsTestExecutionListener, org.springframework.boot.test.autoconfigure.web.client.MockRestServiceServerResetTestExecutionListener, org.springframework.boot.test.autoconfigure.web.servlet.MockMvcPrintOnlyOnFailureTestExecutionListener, org.springframework.boot.test.autoconfigure.web.servlet.WebDriverTestExecutionListener, org.springframework.boot.test.autoconfigure.webservices.client.MockWebServiceServerTestExecutionListener, org.springframework.boot.test.mock.mockito.MockitoTestExecutionListener, org.springframework.boot.test.mock.mockito.ResetMocksTestExecutionListener, org.springframework.test.context.web.ServletTestExecutionListener, org.springframework.test.context.support.DirtiesContextBeforeModesTestExecutionListener, org.springframework.test.context.support.DependencyInjectionTestExecutionListener, org.springframework.test.context.support.DirtiesContextTestExecutionListener, org.springframework.test.context.transaction.TransactionalTestExecutionListener, org.springframework.test.context.jdbc.SqlScriptsTestExecutionListener, org.springframework.test.context.event.EventPublishingTestExecutionListener]
20:13:49.986 [Test worker] INFO org.springframework.boot.test.context.SpringBootTestContextBootstrapper - Using TestExecutionListeners: [org.springframework.test.context.web.ServletTestExecutionListener@3528631b, org.springframework.test.context.support.DirtiesContextBeforeModesTestExecutionListener@3b3324f3, org.springframework.boot.test.mock.mockito.MockitoTestExecutionListener@44695f10, org.springframework.boot.test.autoconfigure.SpringBootDependencyInjectionTestExecutionListener@56c711c5, org.springframework.test.context.support.DirtiesContextTestExecutionListener@208180bd, org.springframework.test.context.transaction.TransactionalTestExecutionListener@2b73ce2, org.springframework.test.context.jdbc.SqlScriptsTestExecutionListener@c28627b, org.springframework.test.context.event.EventPublishingTestExecutionListener@628f0302, org.springframework.boot.test.autoconfigure.restdocs.RestDocsTestExecutionListener@4ea7e386, org.springframework.boot.test.autoconfigure.web.client.MockRestServiceServerResetTestExecutionListener@75cc869c, org.springframework.boot.test.autoconfigure.web.servlet.MockMvcPrintOnlyOnFailureTestExecutionListener@3a3819e4, org.springframework.boot.test.autoconfigure.web.servlet.WebDriverTestExecutionListener@20b59ab2, org.springframework.boot.test.autoconfigure.webservices.client.MockWebServiceServerTestExecutionListener@51fff6f1, org.springframework.boot.test.mock.mockito.ResetMocksTestExecutionListener@40967234]
20:13:50.002 [Test worker] DEBUG org.springframework.test.context.support.AbstractDirtiesContextTestExecutionListener - Before test class: context [DefaultTestContext@15b9c1aa testClass = TestapiApplicationTests, testInstance = [null], testMethod = [null], testException = [null], mergedContextConfiguration = [WebMergedContextConfiguration@69bb98b9 testClass = TestapiApplicationTests, locations = '{}', classes = '{class edu.lits.testapi.TestapiApplication}', contextInitializerClasses = '[]', activeProfiles = '{}', propertySourceLocations = '{}', propertySourceProperties = '{org.springframework.boot.test.context.SpringBootTestContextBootstrapper=true}', contextCustomizers = set[org.springframework.boot.test.autoconfigure.properties.PropertyMappingContextCustomizer@0, org.springframework.boot.test.autoconfigure.web.servlet.WebDriverContextCustomizerFactory$Customizer@1930ea2b, org.springframework.boot.test.context.filter.ExcludeFilterContextCustomizer@3f86db48, org.springframework.boot.test.json.DuplicateJsonObjectContextCustomizerFactory$DuplicateJsonObjectContextCustomizer@4f9e1fd4, org.springframework.boot.test.mock.mockito.MockitoContextCustomizer@0, org.springframework.boot.test.web.client.TestRestTemplateContextCustomizer@6ece4a3e, org.springframework.boot.test.context.SpringBootTestArgs@1], resourceBasePath = 'src/main/webapp', contextLoader = 'org.springframework.boot.test.context.SpringBootContextLoader', parent = [null]], attributes = map['org.springframework.test.context.web.ServletTestExecutionListener.activateListener' -> true]], class annotated with @DirtiesContext [false] with mode [null].
20:13:50.096 [Test worker] DEBUG org.springframework.test.context.support.TestPropertySourceUtils - Adding inlined properties to environment: {spring.jmx.enabled=false, org.springframework.boot.test.context.SpringBootTestContextBootstrapper=true}

  .   ____          _            __ _ _
 /\\ / ___'_ __ _ _(_)_ __  __ _ \ \ \ \
( ( )\___ | '_ | '_| | '_ \/ _` | \ \ \ \
 \\/  ___)| |_)| | | | | || (_| |  ) ) ) )
  '  |____| .__|_| |_|_| |_\__, | / / / /
 =========|_|==============|___/=/_/_/_/
 :: Spring Boot ::        (v2.3.2.RELEASE)

2020-09-10 20:13:50.874  INFO 13144 --- [    Test worker] e.lits.testapi.TestapiApplicationTests   : Starting TestapiApplicationTests on DESKTOP-00G9EVP with PID 13144 (started by alexr in C:\MyProgramms\JAVA\i-can)
2020-09-10 20:13:50.877  INFO 13144 --- [    Test worker] e.lits.testapi.TestapiApplicationTests   : No active profile set, falling back to default profiles: default
2020-09-10 20:13:53.417  INFO 13144 --- [    Test worker] .s.d.r.c.RepositoryConfigurationDelegate : Bootstrapping Spring Data JPA repositories in DEFERRED mode.
2020-09-10 20:13:53.586  INFO 13144 --- [    Test worker] .s.d.r.c.RepositoryConfigurationDelegate : Finished Spring Data repository scanning in 152ms. Found 7 JPA repository interfaces.
2020-09-10 20:13:54.758  INFO 13144 --- [    Test worker] o.s.s.concurrent.ThreadPoolTaskExecutor  : Initializing ExecutorService 'applicationTaskExecutor'
2020-09-10 20:13:54.884  INFO 13144 --- [         task-1] o.hibernate.jpa.internal.util.LogHelper  : HHH000204: Processing PersistenceUnitInfo [name: default]
2020-09-10 20:13:55.057  INFO 13144 --- [         task-1] org.hibernate.Version                    : HHH000412: Hibernate ORM core version 5.4.18.Final
2020-09-10 20:13:55.610  INFO 13144 --- [         task-1] o.hibernate.annotations.common.Version   : HCANN000001: Hibernate Commons Annotations {5.1.0.Final}
2020-09-10 20:13:55.941  WARN 13144 --- [    Test worker] JpaBaseConfiguration$JpaWebConfiguration : spring.jpa.open-in-view is enabled by default. Therefore, database queries may be performed during view rendering. Explicitly configure spring.jpa.open-in-view to disable this warning
2020-09-10 20:13:56.011  INFO 13144 --- [         task-1] com.zaxxer.hikari.HikariDataSource       : HikariPool-1 - Starting...
2020-09-10 20:13:56.021  WARN 13144 --- [         task-1] com.zaxxer.hikari.util.DriverDataSource  : Registered driver with driverClassName=com.mysql.jdbc.Driver was not found, trying direct instantiation.
2020-09-10 20:13:57.125  INFO 13144 --- [    Test worker] pertySourcedRequestMappingHandlerMapping : Mapped URL path [/v2/api-docs] onto method [springfox.documentation.swagger2.web.Swagger2Controller#getDocumentation(String, HttpServletRequest)]
2020-09-10 20:13:57.248  INFO 13144 --- [         task-1] com.zaxxer.hikari.HikariDataSource       : HikariPool-1 - Start completed.
2020-09-10 20:13:57.288  INFO 13144 --- [         task-1] org.hibernate.dialect.Dialect            : HHH000400: Using dialect: org.hibernate.dialect.MySQL5Dialect
2020-09-10 20:13:59.149  INFO 13144 --- [    Test worker] d.s.w.p.DocumentationPluginsBootstrapper : Context refreshed
2020-09-10 20:13:59.200  INFO 13144 --- [    Test worker] d.s.w.p.DocumentationPluginsBootstrapper : Found 1 custom documentation plugin(s)
2020-09-10 20:13:59.267  INFO 13144 --- [    Test worker] s.d.s.w.s.ApiListingReferenceScanner     : Scanning for api listing references
2020-09-10 20:13:59.757  INFO 13144 --- [    Test worker] .d.s.w.r.o.CachingOperationNameGenerator : Generating unique operation named: getCardUsingGET_1
2020-09-10 20:13:59.775  INFO 13144 --- [    Test worker] .d.s.w.r.o.CachingOperationNameGenerator : Generating unique operation named: getCardUsingGET_2
2020-09-10 20:13:59.780  INFO 13144 --- [    Test worker] .d.s.w.r.o.CachingOperationNameGenerator : Generating unique operation named: getCardListUsingGET_1
2020-09-10 20:13:59.796  INFO 13144 --- [    Test worker] DeferredRepositoryInitializationListener : Triggering deferred initialization of Spring Data repositories…
2020-09-10 20:14:00.006  INFO 13144 --- [         task-1] o.h.e.t.j.p.i.JtaPlatformInitiator       : HHH000490: Using JtaPlatform implementation: [org.hibernate.engine.transaction.jta.platform.internal.NoJtaPlatform]
2020-09-10 20:14:00.023  INFO 13144 --- [         task-1] j.LocalContainerEntityManagerFactoryBean : Initialized JPA EntityManagerFactory for persistence unit 'default'
2020-09-10 20:14:00.537  INFO 13144 --- [    Test worker] DeferredRepositoryInitializationListener : Spring Data repositories initialized!
2020-09-10 20:14:00.551  INFO 13144 --- [    Test worker] e.lits.testapi.TestapiApplicationTests   : Started TestapiApplicationTests in 10.428 seconds (JVM running for 12.79)
]]></system-out>
  <system-err><![CDATA[Loading class `com.mysql.jdbc.Driver'. This is deprecated. The new driver class is `com.mysql.cj.jdbc.Driver'. The driver is automatically registered via the SPI and manual loading of the driver class is generally unnecessary.
Thu Sep 10 20:13:56 EEST 2020 WARN: Establishing SSL connection without server's identity verification is not recommended. According to MySQL 5.5.45+, 5.6.26+ and 5.7.6+ requirements SSL connection must be established by default if explicit option isn't set. For compliance with existing applications not using SSL the verifyServerCertificate property is set to 'false'. You need either to explicitly disable SSL by setting useSSL=false, or set useSSL=true and provide truststore for server certificate verification.
Thu Sep 10 20:13:57 EEST 2020 WARN: Establishing SSL connection without server's identity verification is not recommended. According to MySQL 5.5.45+, 5.6.26+ and 5.7.6+ requirements SSL connection must be established by default if explicit option isn't set. For compliance with existing applications not using SSL the verifyServerCertificate property is set to 'false'. You need either to explicitly disable SSL by setting useSSL=false, or set useSSL=true and provide truststore for server certificate verification.
Thu Sep 10 20:13:57 EEST 2020 WARN: Establishing SSL connection without server's identity verification is not recommended. According to MySQL 5.5.45+, 5.6.26+ and 5.7.6+ requirements SSL connection must be established by default if explicit option isn't set. For compliance with existing applications not using SSL the verifyServerCertificate property is set to 'false'. You need either to explicitly disable SSL by setting useSSL=false, or set useSSL=true and provide truststore for server certificate verification.
Thu Sep 10 20:13:57 EEST 2020 WARN: Establishing SSL connection without server's identity verification is not recommended. According to MySQL 5.5.45+, 5.6.26+ and 5.7.6+ requirements SSL connection must be established by default if explicit option isn't set. For compliance with existing applications not using SSL the verifyServerCertificate property is set to 'false'. You need either to explicitly disable SSL by setting useSSL=false, or set useSSL=true and provide truststore for server certificate verification.
Thu Sep 10 20:13:57 EEST 2020 WARN: Establishing SSL connection without server's identity verification is not recommended. According to MySQL 5.5.45+, 5.6.26+ and 5.7.6+ requirements SSL connection must be established by default if explicit option isn't set. For compliance with existing applications not using SSL the verifyServerCertificate property is set to 'false'. You need either to explicitly disable SSL by setting useSSL=false, or set useSSL=true and provide truststore for server certificate verification.
Thu Sep 10 20:13:57 EEST 2020 WARN: Establishing SSL connection without server's identity verification is not recommended. According to MySQL 5.5.45+, 5.6.26+ and 5.7.6+ requirements SSL connection must be established by default if explicit option isn't set. For compliance with existing applications not using SSL the verifyServerCertificate property is set to 'false'. You need either to explicitly disable SSL by setting useSSL=false, or set useSSL=true and provide truststore for server certificate verification.
Thu Sep 10 20:13:58 EEST 2020 WARN: Establishing SSL connection without server's identity verification is not recommended. According to MySQL 5.5.45+, 5.6.26+ and 5.7.6+ requirements SSL connection must be established by default if explicit option isn't set. For compliance with existing applications not using SSL the verifyServerCertificate property is set to 'false'. You need either to explicitly disable SSL by setting useSSL=false, or set useSSL=true and provide truststore for server certificate verification.
Thu Sep 10 20:13:58 EEST 2020 WARN: Establishing SSL connection without server's identity verification is not recommended. According to MySQL 5.5.45+, 5.6.26+ and 5.7.6+ requirements SSL connection must be established by default if explicit option isn't set. For compliance with existing applications not using SSL the verifyServerCertificate property is set to 'false'. You need either to explicitly disable SSL by setting useSSL=false, or set useSSL=true and provide truststore for server certificate verification.
Thu Sep 10 20:13:58 EEST 2020 WARN: Establishing SSL connection without server's identity verification is not recommended. According to MySQL 5.5.45+, 5.6.26+ and 5.7.6+ requirements SSL connection must be established by default if explicit option isn't set. For compliance with existing applications not using SSL the verifyServerCertificate property is set to 'false'. You need either to explicitly disable SSL by setting useSSL=false, or set useSSL=true and provide truststore for server certificate verification.
Thu Sep 10 20:13:58 EEST 2020 WARN: Establishing SSL connection without server's identity verification is not recommended. According to MySQL 5.5.45+, 5.6.26+ and 5.7.6+ requirements SSL connection must be established by default if explicit option isn't set. For compliance with existing applications not using SSL the verifyServerCertificate property is set to 'false'. You need either to explicitly disable SSL by setting useSSL=false, or set useSSL=true and provide truststore for server certificate verification.
]]></system-err>
</testsuite>
